# JRE version: OpenJDK Runtime Environment Temurin-17.0.10+7 (17.0.10+7) (build 17.0.10+7)
# Java VM: OpenJDK 64-Bit Server VM Temurin-17.0.10+7 (17.0.10+7, mixed mode, tiered, compressed oops, compressed class ptrs, parallel gc, windows-amd64)
GC Precious Log:
 CPUs: 4 total, 4 available
 Memory: 8076M
 Large Page Support: Disabled
 NUMA Support: Disabled
 Compressed Oops: Enabled (32-bit)
 Alignments: Space 512K, Generation 512K, Heap 2M
 Heap Min Capacity: 100M
 Heap Initial Capacity: 100M
 Heap Max Capacity: 1G
 Pre-touch: Disabled
 Parallel Workers: 4
Heap:
 PSYoungGen      total 2560K, used 1741K [0x00000000eab00000, 0x00000000eaf00000, 0x0000000100000000)
  eden space 2048K, 60% used [0x00000000eab00000,0x00000000eac377d8,0x00000000ead00000)
  from space 512K, 96% used [0x00000000eae00000,0x00000000eae7c010,0x00000000eae80000)
  to   space 1024K, 0% used [0x00000000ead00000,0x00000000ead00000,0x00000000eae00000)
 ParOldGen       total 285184K, used 246628K [0x00000000c0000000, 0x00000000d1680000, 0x00000000eab00000)
  object space 285184K, 86% used [0x00000000c0000000,0x00000000cf0d9250,0x00000000d1680000)
 Metaspace       used 81604K, committed 82880K, reserved 1179648K
  class space    used 8306K, committed 8832K, reserved 1048576K
GC Heap History (20 events):
Event: 452.902 GC heap before
{Heap before GC invocations=947 (full 18):
 PSYoungGen      total 2560K, used 2304K [0x00000000eab00000, 0x00000000eae80000, 0x0000000100000000)
  eden space 2048K, 100% used [0x00000000eab00000,0x00000000ead00000,0x00000000ead00000)
  from space 512K, 50% used [0x00000000eae00000,0x00000000eae40020,0x00000000eae80000)
  to   space 512K, 0% used [0x00000000ead80000,0x00000000ead80000,0x00000000eae00000)
 ParOldGen       total 285184K, used 243286K [0x00000000c0000000, 0x00000000d1680000, 0x00000000eab00000)
  object space 285184K, 85% used [0x00000000c0000000,0x00000000ced95898,0x00000000d1680000)
 Metaspace       used 81520K, committed 82816K, reserved 1179648K
  class space    used 8298K, committed 8832K, reserved 1048576K
}
Event: 452.905 GC heap after
{Heap after GC invocations=947 (full 18):
 PSYoungGen      total 3072K, used 96K [0x00000000eab00000, 0x00000000eae80000, 0x0000000100000000)
  eden space 2560K, 0% used [0x00000000eab00000,0x00000000eab00000,0x00000000ead80000)
  from space 512K, 18% used [0x00000000ead80000,0x00000000ead98000,0x00000000eae00000)
  to   space 512K, 0% used [0x00000000eae00000,0x00000000eae00000,0x00000000eae80000)
 ParOldGen       total 285184K, used 243318K [0x00000000c0000000, 0x00000000d1680000, 0x00000000eab00000)
  object space 285184K, 85% used [0x00000000c0000000,0x00000000ced9d898,0x00000000d1680000)
 Metaspace       used 81520K, committed 82816K, reserved 1179648K
  class space    used 8298K, committed 8832K, reserved 1048576K
}
Event: 453.129 GC heap before
{Heap before GC invocations=948 (full 18):
 PSYoungGen      total 3072K, used 2656K [0x00000000eab00000, 0x00000000eae80000, 0x0000000100000000)
  eden space 2560K, 100% used [0x00000000eab00000,0x00000000ead80000,0x00000000ead80000)
  from space 512K, 18% used [0x00000000ead80000,0x00000000ead98000,0x00000000eae00000)
  to   space 512K, 0% used [0x00000000eae00000,0x00000000eae00000,0x00000000eae80000)
 ParOldGen       total 285184K, used 243318K [0x00000000c0000000, 0x00000000d1680000, 0x00000000eab00000)
  object space 285184K, 85% used [0x00000000c0000000,0x00000000ced9d898,0x00000000d1680000)
 Metaspace       used 81522K, committed 82816K, reserved 1179648K
  class space    used 8298K, committed 8832K, reserved 1048576K
}
Event: 453.135 GC heap after
{Heap after GC invocations=948 (full 18):
 PSYoungGen      total 2560K, used 480K [0x00000000eab00000, 0x00000000eaf80000, 0x0000000100000000)
  eden space 2048K, 0% used [0x00000000eab00000,0x00000000eab00000,0x00000000ead00000)
  from space 512K, 93% used [0x00000000eae00000,0x00000000eae78020,0x00000000eae80000)
  to   space 1024K, 0% used [0x00000000ead00000,0x00000000ead00000,0x00000000eae00000)
 ParOldGen       total 285184K, used 243572K [0x00000000c0000000, 0x00000000d1680000, 0x00000000eab00000)
  object space 285184K, 85% used [0x00000000c0000000,0x00000000ceddd2f8,0x00000000d1680000)
 Metaspace       used 81522K, committed 82816K, reserved 1179648K
  class space    used 8298K, committed 8832K, reserved 1048576K
}
Event: 453.327 GC heap before
{Heap before GC invocations=949 (full 18):
 PSYoungGen      total 2560K, used 2528K [0x00000000eab00000, 0x00000000eaf80000, 0x0000000100000000)
  eden space 2048K, 99% used [0x00000000eab00000,0x00000000eacffff8,0x00000000ead00000)
  from space 512K, 93% used [0x00000000eae00000,0x00000000eae78020,0x00000000eae80000)
  to   space 1024K, 0% used [0x00000000ead00000,0x00000000ead00000,0x00000000eae00000)
 ParOldGen       total 285184K, used 243572K [0x00000000c0000000, 0x00000000d1680000, 0x00000000eab00000)
  object space 285184K, 85% used [0x00000000c0000000,0x00000000ceddd2f8,0x00000000d1680000)
 Metaspace       used 81522K, committed 82816K, reserved 1179648K
  class space    used 8298K, committed 8832K, reserved 1048576K
}
Event: 453.332 GC heap after
{Heap after GC invocations=949 (full 18):
 PSYoungGen      total 3072K, used 368K [0x00000000eab00000, 0x00000000eae80000, 0x0000000100000000)
  eden space 2048K, 0% used [0x00000000eab00000,0x00000000eab00000,0x00000000ead00000)
  from space 1024K, 35% used [0x00000000ead00000,0x00000000ead5c010,0x00000000eae00000)
  to   space 512K, 0% used [0x00000000eae00000,0x00000000eae00000,0x00000000eae80000)
 ParOldGen       total 285184K, used 244068K [0x00000000c0000000, 0x00000000d1680000, 0x00000000eab00000)
  object space 285184K, 85% used [0x00000000c0000000,0x00000000cee59318,0x00000000d1680000)
 Metaspace       used 81522K, committed 82816K, reserved 1179648K
  class space    used 8298K, committed 8832K, reserved 1048576K
}
Event: 453.358 GC heap before
{Heap before GC invocations=950 (full 18):
 PSYoungGen      total 3072K, used 2416K [0x00000000eab00000, 0x00000000eae80000, 0x0000000100000000)
  eden space 2048K, 100% used [0x00000000eab00000,0x00000000ead00000,0x00000000ead00000)
  from space 1024K, 35% used [0x00000000ead00000,0x00000000ead5c010,0x00000000eae00000)
  to   space 512K, 0% used [0x00000000eae00000,0x00000000eae00000,0x00000000eae80000)
 ParOldGen       total 285184K, used 244068K [0x00000000c0000000, 0x00000000d1680000, 0x00000000eab00000)
  object space 285184K, 85% used [0x00000000c0000000,0x00000000cee59318,0x00000000d1680000)
 Metaspace       used 81522K, committed 82816K, reserved 1179648K
  class space    used 8298K, committed 8832K, reserved 1048576K
}
Event: 453.360 GC heap after
{Heap after GC invocations=950 (full 18):
 PSYoungGen      total 2560K, used 496K [0x00000000eab00000, 0x00000000eaf00000, 0x0000000100000000)
  eden space 2048K, 0% used [0x00000000eab00000,0x00000000eab00000,0x00000000ead00000)
  from space 512K, 96% used [0x00000000eae00000,0x00000000eae7c010,0x00000000eae80000)
  to   space 1024K, 0% used [0x00000000ead00000,0x00000000ead00000,0x00000000eae00000)
 ParOldGen       total 285184K, used 244100K [0x00000000c0000000, 0x00000000d1680000, 0x00000000eab00000)
  object space 285184K, 85% used [0x00000000c0000000,0x00000000cee61318,0x00000000d1680000)
 Metaspace       used 81522K, committed 82816K, reserved 1179648K
  class space    used 8298K, committed 8832K, reserved 1048576K
}
Event: 453.389 GC heap before
{Heap before GC invocations=951 (full 18):
 PSYoungGen      total 2560K, used 2544K [0x00000000eab00000, 0x00000000eaf00000, 0x0000000100000000)
  eden space 2048K, 100% used [0x00000000eab00000,0x00000000ead00000,0x00000000ead00000)
  from space 512K, 96% used [0x00000000eae00000,0x00000000eae7c010,0x00000000eae80000)
  to   space 1024K, 0% used [0x00000000ead00000,0x00000000ead00000,0x00000000eae00000)
 ParOldGen       total 285184K, used 244100K [0x00000000c0000000, 0x00000000d1680000, 0x00000000eab00000)
  object space 285184K, 85% used [0x00000000c0000000,0x00000000cee61318,0x00000000d1680000)
 Metaspace       used 81522K, committed 82816K, reserved 1179648K
  class space    used 8298K, committed 8832K, reserved 1048576K
}
Event: 453.391 GC heap after
{Heap after GC invocations=951 (full 18):
 PSYoungGen      total 3072K, used 688K [0x00000000eab00000, 0x00000000eaf00000, 0x0000000100000000)
  eden space 2048K, 0% used [0x00000000eab00000,0x00000000eab00000,0x00000000ead00000)
  from space 1024K, 67% used [0x00000000ead00000,0x00000000eadac010,0x00000000eae00000)
  to   space 1024K, 0% used [0x00000000eae00000,0x00000000eae00000,0x00000000eaf00000)
 ParOldGen       total 285184K, used 244521K [0x00000000c0000000, 0x00000000d1680000, 0x00000000eab00000)
  object space 285184K, 85% used [0x00000000c0000000,0x00000000ceeca7b8,0x00000000d1680000)
 Metaspace       used 81522K, committed 82816K, reserved 1179648K
  class space    used 8298K, committed 8832K, reserved 1048576K
}
Event: 453.721 GC heap before
{Heap before GC invocations=952 (full 18):
 PSYoungGen      total 3072K, used 2736K [0x00000000eab00000, 0x00000000eaf00000, 0x0000000100000000)
  eden space 2048K, 100% used [0x00000000eab00000,0x00000000ead00000,0x00000000ead00000)
  from space 1024K, 67% used [0x00000000ead00000,0x00000000eadac010,0x00000000eae00000)
  to   space 1024K, 0% used [0x00000000eae00000,0x00000000eae00000,0x00000000eaf00000)
 ParOldGen       total 285184K, used 244521K [0x00000000c0000000, 0x00000000d1680000, 0x00000000eab00000)
  object space 285184K, 85% used [0x00000000c0000000,0x00000000ceeca7b8,0x00000000d1680000)
 Metaspace       used 81537K, committed 82816K, reserved 1179648K
  class space    used 8298K, committed 8832K, reserved 1048576K
}
Event: 453.723 GC heap after
{Heap after GC invocations=952 (full 18):
 PSYoungGen      total 2560K, used 128K [0x00000000eab00000, 0x00000000eae80000, 0x0000000100000000)
  eden space 2048K, 0% used [0x00000000eab00000,0x00000000eab00000,0x00000000ead00000)
  from space 512K, 25% used [0x00000000eae00000,0x00000000eae20000,0x00000000eae80000)
  to   space 512K, 0% used [0x00000000ead80000,0x00000000ead80000,0x00000000eae00000)
 ParOldGen       total 285184K, used 244617K [0x00000000c0000000, 0x00000000d1680000, 0x00000000eab00000)
  object space 285184K, 85% used [0x00000000c0000000,0x00000000ceee27b8,0x00000000d1680000)
 Metaspace       used 81537K, committed 82816K, reserved 1179648K
  class space    used 8298K, committed 8832K, reserved 1048576K
}
Event: 453.733 GC heap before
{Heap before GC invocations=953 (full 18):
 PSYoungGen      total 2560K, used 2174K [0x00000000eab00000, 0x00000000eae80000, 0x0000000100000000)
  eden space 2048K, 99% used [0x00000000eab00000,0x00000000eacff9c0,0x00000000ead00000)
  from space 512K, 25% used [0x00000000eae00000,0x00000000eae20000,0x00000000eae80000)
  to   space 512K, 0% used [0x00000000ead80000,0x00000000ead80000,0x00000000eae00000)
 ParOldGen       total 285184K, used 244617K [0x00000000c0000000, 0x00000000d1680000, 0x00000000eab00000)
  object space 285184K, 85% used [0x00000000c0000000,0x00000000ceee27b8,0x00000000d1680000)
 Metaspace       used 81537K, committed 82816K, reserved 1179648K
  class space    used 8298K, committed 8832K, reserved 1048576K
}
Event: 453.735 GC heap after
{Heap after GC invocations=953 (full 18):
 PSYoungGen      total 2560K, used 512K [0x00000000eab00000, 0x00000000eaf00000, 0x0000000100000000)
  eden space 2048K, 0% used [0x00000000eab00000,0x00000000eab00000,0x00000000ead00000)
  from space 512K, 100% used [0x00000000ead80000,0x00000000eae00000,0x00000000eae00000)
  to   space 1024K, 0% used [0x00000000eae00000,0x00000000eae00000,0x00000000eaf00000)
 ParOldGen       total 285184K, used 244962K [0x00000000c0000000, 0x00000000d1680000, 0x00000000eab00000)
  object space 285184K, 85% used [0x00000000c0000000,0x00000000cef38910,0x00000000d1680000)
 Metaspace       used 81537K, committed 82816K, reserved 1179648K
  class space    used 8298K, committed 8832K, reserved 1048576K
}
Event: 453.876 GC heap before
{Heap before GC invocations=954 (full 18):
 PSYoungGen      total 2560K, used 2560K [0x00000000eab00000, 0x00000000eaf00000, 0x0000000100000000)
  eden space 2048K, 100% used [0x00000000eab00000,0x00000000ead00000,0x00000000ead00000)
  from space 512K, 100% used [0x00000000ead80000,0x00000000eae00000,0x00000000eae00000)
  to   space 1024K, 0% used [0x00000000eae00000,0x00000000eae00000,0x00000000eaf00000)
 ParOldGen       total 285184K, used 244962K [0x00000000c0000000, 0x00000000d1680000, 0x00000000eab00000)
  object space 285184K, 85% used [0x00000000c0000000,0x00000000cef38910,0x00000000d1680000)
 Metaspace       used 81538K, committed 82816K, reserved 1179648K
  class space    used 8298K, committed 8832K, reserved 1048576K
}
Event: 453.878 GC heap after
{Heap after GC invocations=954 (full 18):
 PSYoungGen      total 3072K, used 512K [0x00000000eab00000, 0x00000000eaf00000, 0x0000000100000000)
  eden space 2048K, 0% used [0x00000000eab00000,0x00000000eab00000,0x00000000ead00000)
  from space 1024K, 50% used [0x00000000eae00000,0x00000000eae80000,0x00000000eaf00000)
  to   space 1024K, 0% used [0x00000000ead00000,0x00000000ead00000,0x00000000eae00000)
 ParOldGen       total 285184K, used 245490K [0x00000000c0000000, 0x00000000d1680000, 0x00000000eab00000)
  object space 285184K, 86% used [0x00000000c0000000,0x00000000cefbc910,0x00000000d1680000)
 Metaspace       used 81538K, committed 82816K, reserved 1179648K
  class space    used 8298K, committed 8832K, reserved 1048576K
}
Event: 454.136 GC heap before
{Heap before GC invocations=955 (full 18):
 PSYoungGen      total 3072K, used 2560K [0x00000000eab00000, 0x00000000eaf00000, 0x0000000100000000)
  eden space 2048K, 100% used [0x00000000eab00000,0x00000000ead00000,0x00000000ead00000)
  from space 1024K, 50% used [0x00000000eae00000,0x00000000eae80000,0x00000000eaf00000)
  to   space 1024K, 0% used [0x00000000ead00000,0x00000000ead00000,0x00000000eae00000)
 ParOldGen       total 285184K, used 245490K [0x00000000c0000000, 0x00000000d1680000, 0x00000000eab00000)
  object space 285184K, 86% used [0x00000000c0000000,0x00000000cefbc910,0x00000000d1680000)
 Metaspace       used 81541K, committed 82816K, reserved 1179648K
  class space    used 8298K, committed 8832K, reserved 1048576K
}
Event: 454.139 GC heap after
{Heap after GC invocations=955 (full 18):
 PSYoungGen      total 3072K, used 752K [0x00000000eab00000, 0x00000000eaf00000, 0x0000000100000000)
  eden space 2048K, 0% used [0x00000000eab00000,0x00000000eab00000,0x00000000ead00000)
  from space 1024K, 73% used [0x00000000ead00000,0x00000000eadbc030,0x00000000eae00000)
  to   space 1024K, 0% used [0x00000000eae00000,0x00000000eae00000,0x00000000eaf00000)
 ParOldGen       total 285184K, used 245823K [0x00000000c0000000, 0x00000000d1680000, 0x00000000eab00000)
  object space 285184K, 86% used [0x00000000c0000000,0x00000000cf00fd90,0x00000000d1680000)
 Metaspace       used 81541K, committed 82816K, reserved 1179648K
  class space    used 8298K, committed 8832K, reserved 1048576K
}
Event: 454.312 GC heap before
{Heap before GC invocations=956 (full 18):
 PSYoungGen      total 3072K, used 2800K [0x00000000eab00000, 0x00000000eaf00000, 0x0000000100000000)
  eden space 2048K, 100% used [0x00000000eab00000,0x00000000ead00000,0x00000000ead00000)
  from space 1024K, 73% used [0x00000000ead00000,0x00000000eadbc030,0x00000000eae00000)
  to   space 1024K, 0% used [0x00000000eae00000,0x00000000eae00000,0x00000000eaf00000)
 ParOldGen       total 285184K, used 245823K [0x00000000c0000000, 0x00000000d1680000, 0x00000000eab00000)
  object space 285184K, 86% used [0x00000000c0000000,0x00000000cf00fd90,0x00000000d1680000)
 Metaspace       used 81541K, committed 82816K, reserved 1179648K
  class space    used 8298K, committed 8832K, reserved 1048576K
}
Event: 454.315 GC heap after
{Heap after GC invocations=956 (full 18):
 PSYoungGen      total 3072K, used 432K [0x00000000eab00000, 0x00000000eaf00000, 0x0000000100000000)
  eden space 2048K, 0% used [0x00000000eab00000,0x00000000eab00000,0x00000000ead00000)
  from space 1024K, 42% used [0x00000000eae00000,0x00000000eae6c030,0x00000000eaf00000)
  to   space 1024K, 0% used [0x00000000ead00000,0x00000000ead00000,0x00000000eae00000)
 ParOldGen       total 285184K, used 245847K [0x00000000c0000000, 0x00000000d1680000, 0x00000000eab00000)
  object space 285184K, 86% used [0x00000000c0000000,0x00000000cf015d90,0x00000000d1680000)
 Metaspace       used 81541K, committed 82816K, reserved 1179648K
  class space    used 8298K, committed 8832K, reserved 1048576K
}

