# JRE version: OpenJDK Runtime Environment Temurin-17.0.10+7 (17.0.10+7) (build 17.0.10+7)
# Java VM: OpenJDK 64-Bit Server VM Temurin-17.0.10+7 (17.0.10+7, mixed mode, tiered, compressed oops, compressed class ptrs, parallel gc, windows-amd64)
GC Precious Log:
 CPUs: 4 total, 4 available
 Memory: 8076M
 Large Page Support: Disabled
 NUMA Support: Disabled
 Compressed Oops: Enabled (32-bit)
 Alignments: Space 512K, Generation 512K, Heap 2M
 Heap Min Capacity: 100M
 Heap Initial Capacity: 100M
 Heap Max Capacity: 1G
 Pre-touch: Disabled
 Parallel Workers: 4
Heap:
 PSYoungGen      total 25088K, used 7960K [0x00000000eab00000, 0x00000000ec680000, 0x0000000100000000)
  eden space 22016K, 22% used [0x00000000eab00000,0x00000000eafc8b90,0x00000000ec080000)
  from space 3072K, 99% used [0x00000000ec380000,0x00000000ec67d640,0x00000000ec680000)
  to   space 3072K, 0% used [0x00000000ec080000,0x00000000ec080000,0x00000000ec380000)
 ParOldGen       total 68608K, used 44705K [0x00000000c0000000, 0x00000000c4300000, 0x00000000eab00000)
  object space 68608K, 65% used [0x00000000c0000000,0x00000000c2ba8650,0x00000000c4300000)
 Metaspace       used 67569K, committed 68672K, reserved 1114112K
  class space    used 7121K, committed 7616K, reserved 1048576K
GC Heap History (20 events):
Event: 61.921 GC heap before
{Heap before GC invocations=31 (full 2):
 PSYoungGen      total 23552K, used 23488K [0x00000000eab00000, 0x00000000ec880000, 0x0000000100000000)
  eden space 22016K, 100% used [0x00000000eab00000,0x00000000ec080000,0x00000000ec080000)
  from space 1536K, 95% used [0x00000000ec700000,0x00000000ec870260,0x00000000ec880000)
  to   space 3072K, 0% used [0x00000000ec280000,0x00000000ec280000,0x00000000ec580000)
 ParOldGen       total 68608K, used 40038K [0x00000000c0000000, 0x00000000c4300000, 0x00000000eab00000)
  object space 68608K, 58% used [0x00000000c0000000,0x00000000c2719ad0,0x00000000c4300000)
 Metaspace       used 57210K, committed 58240K, reserved 1114112K
  class space    used 6214K, committed 6656K, reserved 1048576K
}
Event: 61.923 GC heap after
{Heap after GC invocations=31 (full 2):
 PSYoungGen      total 25088K, used 489K [0x00000000eab00000, 0x00000000ec780000, 0x0000000100000000)
  eden space 22016K, 0% used [0x00000000eab00000,0x00000000eab00000,0x00000000ec080000)
  from space 3072K, 15% used [0x00000000ec280000,0x00000000ec2fa6b0,0x00000000ec580000)
  to   space 1536K, 0% used [0x00000000ec600000,0x00000000ec600000,0x00000000ec780000)
 ParOldGen       total 68608K, used 41444K [0x00000000c0000000, 0x00000000c4300000, 0x00000000eab00000)
  object space 68608K, 60% used [0x00000000c0000000,0x00000000c28792d8,0x00000000c4300000)
 Metaspace       used 57210K, committed 58240K, reserved 1114112K
  class space    used 6214K, committed 6656K, reserved 1048576K
}
Event: 62.229 GC heap before
{Heap before GC invocations=32 (full 2):
 PSYoungGen      total 25088K, used 21556K [0x00000000eab00000, 0x00000000ec780000, 0x0000000100000000)
  eden space 22016K, 95% used [0x00000000eab00000,0x00000000ebf92ad8,0x00000000ec080000)
  from space 3072K, 15% used [0x00000000ec280000,0x00000000ec2fa6b0,0x00000000ec580000)
  to   space 1536K, 0% used [0x00000000ec600000,0x00000000ec600000,0x00000000ec780000)
 ParOldGen       total 68608K, used 41444K [0x00000000c0000000, 0x00000000c4300000, 0x00000000eab00000)
  object space 68608K, 60% used [0x00000000c0000000,0x00000000c28792d8,0x00000000c4300000)
 Metaspace       used 58691K, committed 59776K, reserved 1114112K
  class space    used 6347K, committed 6784K, reserved 1048576K
}
Event: 62.231 GC heap after
{Heap after GC invocations=32 (full 2):
 PSYoungGen      total 22528K, used 384K [0x00000000eab00000, 0x00000000ec680000, 0x0000000100000000)
  eden space 22016K, 0% used [0x00000000eab00000,0x00000000eab00000,0x00000000ec080000)
  from space 512K, 75% used [0x00000000ec600000,0x00000000ec660000,0x00000000ec680000)
  to   space 1024K, 0% used [0x00000000ec480000,0x00000000ec480000,0x00000000ec580000)
 ParOldGen       total 68608K, used 41911K [0x00000000c0000000, 0x00000000c4300000, 0x00000000eab00000)
  object space 68608K, 61% used [0x00000000c0000000,0x00000000c28edea8,0x00000000c4300000)
 Metaspace       used 58691K, committed 59776K, reserved 1114112K
  class space    used 6347K, committed 6784K, reserved 1048576K
}
Event: 62.231 GC heap before
{Heap before GC invocations=33 (full 3):
 PSYoungGen      total 22528K, used 384K [0x00000000eab00000, 0x00000000ec680000, 0x0000000100000000)
  eden space 22016K, 0% used [0x00000000eab00000,0x00000000eab00000,0x00000000ec080000)
  from space 512K, 75% used [0x00000000ec600000,0x00000000ec660000,0x00000000ec680000)
  to   space 1024K, 0% used [0x00000000ec480000,0x00000000ec480000,0x00000000ec580000)
 ParOldGen       total 68608K, used 41911K [0x00000000c0000000, 0x00000000c4300000, 0x00000000eab00000)
  object space 68608K, 61% used [0x00000000c0000000,0x00000000c28edea8,0x00000000c4300000)
 Metaspace       used 58691K, committed 59776K, reserved 1114112K
  class space    used 6347K, committed 6784K, reserved 1048576K
}
Event: 62.321 GC heap after
{Heap after GC invocations=33 (full 3):
 PSYoungGen      total 22528K, used 0K [0x00000000eab00000, 0x00000000ec680000, 0x0000000100000000)
  eden space 22016K, 0% used [0x00000000eab00000,0x00000000eab00000,0x00000000ec080000)
  from space 512K, 0% used [0x00000000ec600000,0x00000000ec600000,0x00000000ec680000)
  to   space 1024K, 0% used [0x00000000ec480000,0x00000000ec480000,0x00000000ec580000)
 ParOldGen       total 68608K, used 32884K [0x00000000c0000000, 0x00000000c4300000, 0x00000000eab00000)
  object space 68608K, 47% used [0x00000000c0000000,0x00000000c201d028,0x00000000c4300000)
 Metaspace       used 58686K, committed 59776K, reserved 1114112K
  class space    used 6346K, committed 6784K, reserved 1048576K
}
Event: 62.434 GC heap before
{Heap before GC invocations=34 (full 3):
 PSYoungGen      total 22528K, used 22016K [0x00000000eab00000, 0x00000000ec680000, 0x0000000100000000)
  eden space 22016K, 100% used [0x00000000eab00000,0x00000000ec080000,0x00000000ec080000)
  from space 512K, 0% used [0x00000000ec600000,0x00000000ec600000,0x00000000ec680000)
  to   space 1024K, 0% used [0x00000000ec480000,0x00000000ec480000,0x00000000ec580000)
 ParOldGen       total 68608K, used 32884K [0x00000000c0000000, 0x00000000c4300000, 0x00000000eab00000)
  object space 68608K, 47% used [0x00000000c0000000,0x00000000c201d028,0x00000000c4300000)
 Metaspace       used 59066K, committed 60160K, reserved 1114112K
  class space    used 6368K, committed 6784K, reserved 1048576K
}
Event: 62.437 GC heap after
{Heap after GC invocations=34 (full 3):
 PSYoungGen      total 23040K, used 1024K [0x00000000eab00000, 0x00000000ec680000, 0x0000000100000000)
  eden space 22016K, 0% used [0x00000000eab00000,0x00000000eab00000,0x00000000ec080000)
  from space 1024K, 100% used [0x00000000ec480000,0x00000000ec580000,0x00000000ec580000)
  to   space 1024K, 0% used [0x00000000ec580000,0x00000000ec580000,0x00000000ec680000)
 ParOldGen       total 68608K, used 32908K [0x00000000c0000000, 0x00000000c4300000, 0x00000000eab00000)
  object space 68608K, 47% used [0x00000000c0000000,0x00000000c2023028,0x00000000c4300000)
 Metaspace       used 59066K, committed 60160K, reserved 1114112K
  class space    used 6368K, committed 6784K, reserved 1048576K
}
Event: 62.493 GC heap before
{Heap before GC invocations=35 (full 3):
 PSYoungGen      total 23040K, used 23040K [0x00000000eab00000, 0x00000000ec680000, 0x0000000100000000)
  eden space 22016K, 100% used [0x00000000eab00000,0x00000000ec080000,0x00000000ec080000)
  from space 1024K, 100% used [0x00000000ec480000,0x00000000ec580000,0x00000000ec580000)
  to   space 1024K, 0% used [0x00000000ec580000,0x00000000ec580000,0x00000000ec680000)
 ParOldGen       total 68608K, used 32908K [0x00000000c0000000, 0x00000000c4300000, 0x00000000eab00000)
  object space 68608K, 47% used [0x00000000c0000000,0x00000000c2023028,0x00000000c4300000)
 Metaspace       used 59100K, committed 60160K, reserved 1114112K
  class space    used 6371K, committed 6784K, reserved 1048576K
}
Event: 62.495 GC heap after
{Heap after GC invocations=35 (full 3):
 PSYoungGen      total 23040K, used 992K [0x00000000eab00000, 0x00000000ec680000, 0x0000000100000000)
  eden space 22016K, 0% used [0x00000000eab00000,0x00000000eab00000,0x00000000ec080000)
  from space 1024K, 96% used [0x00000000ec580000,0x00000000ec678000,0x00000000ec680000)
  to   space 1024K, 0% used [0x00000000ec480000,0x00000000ec480000,0x00000000ec580000)
 ParOldGen       total 68608K, used 33697K [0x00000000c0000000, 0x00000000c4300000, 0x00000000eab00000)
  object space 68608K, 49% used [0x00000000c0000000,0x00000000c20e8700,0x00000000c4300000)
 Metaspace       used 59100K, committed 60160K, reserved 1114112K
  class space    used 6371K, committed 6784K, reserved 1048576K
}
Event: 62.716 GC heap before
{Heap before GC invocations=36 (full 3):
 PSYoungGen      total 23040K, used 23008K [0x00000000eab00000, 0x00000000ec680000, 0x0000000100000000)
  eden space 22016K, 100% used [0x00000000eab00000,0x00000000ec080000,0x00000000ec080000)
  from space 1024K, 96% used [0x00000000ec580000,0x00000000ec678000,0x00000000ec680000)
  to   space 1024K, 0% used [0x00000000ec480000,0x00000000ec480000,0x00000000ec580000)
 ParOldGen       total 68608K, used 33697K [0x00000000c0000000, 0x00000000c4300000, 0x00000000eab00000)
  object space 68608K, 49% used [0x00000000c0000000,0x00000000c20e8700,0x00000000c4300000)
 Metaspace       used 61264K, committed 62336K, reserved 1114112K
  class space    used 6554K, committed 6976K, reserved 1048576K
}
Event: 62.720 GC heap after
{Heap after GC invocations=36 (full 3):
 PSYoungGen      total 23040K, used 1022K [0x00000000eab00000, 0x00000000ec880000, 0x0000000100000000)
  eden space 22016K, 0% used [0x00000000eab00000,0x00000000eab00000,0x00000000ec080000)
  from space 1024K, 99% used [0x00000000ec480000,0x00000000ec57fad0,0x00000000ec580000)
  to   space 3072K, 0% used [0x00000000ec580000,0x00000000ec580000,0x00000000ec880000)
 ParOldGen       total 68608K, used 36127K [0x00000000c0000000, 0x00000000c4300000, 0x00000000eab00000)
  object space 68608K, 52% used [0x00000000c0000000,0x00000000c2347c48,0x00000000c4300000)
 Metaspace       used 61264K, committed 62336K, reserved 1114112K
  class space    used 6554K, committed 6976K, reserved 1048576K
}
Event: 62.848 GC heap before
{Heap before GC invocations=37 (full 3):
 PSYoungGen      total 23040K, used 23038K [0x00000000eab00000, 0x00000000ec880000, 0x0000000100000000)
  eden space 22016K, 100% used [0x00000000eab00000,0x00000000ec080000,0x00000000ec080000)
  from space 1024K, 99% used [0x00000000ec480000,0x00000000ec57fad0,0x00000000ec580000)
  to   space 3072K, 0% used [0x00000000ec580000,0x00000000ec580000,0x00000000ec880000)
 ParOldGen       total 68608K, used 36127K [0x00000000c0000000, 0x00000000c4300000, 0x00000000eab00000)
  object space 68608K, 52% used [0x00000000c0000000,0x00000000c2347c48,0x00000000c4300000)
 Metaspace       used 61352K, committed 62400K, reserved 1114112K
  class space    used 6562K, committed 6976K, reserved 1048576K
}
Event: 62.849 GC heap after
{Heap after GC invocations=37 (full 3):
 PSYoungGen      total 23552K, used 1053K [0x00000000eab00000, 0x00000000ec700000, 0x0000000100000000)
  eden space 22016K, 0% used [0x00000000eab00000,0x00000000eab00000,0x00000000ec080000)
  from space 1536K, 68% used [0x00000000ec580000,0x00000000ec687590,0x00000000ec700000)
  to   space 2048K, 0% used [0x00000000ec300000,0x00000000ec300000,0x00000000ec500000)
 ParOldGen       total 68608K, used 36894K [0x00000000c0000000, 0x00000000c4300000, 0x00000000eab00000)
  object space 68608K, 53% used [0x00000000c0000000,0x00000000c24078b8,0x00000000c4300000)
 Metaspace       used 61352K, committed 62400K, reserved 1114112K
  class space    used 6562K, committed 6976K, reserved 1048576K
}
Event: 63.293 GC heap before
{Heap before GC invocations=38 (full 3):
 PSYoungGen      total 23552K, used 23069K [0x00000000eab00000, 0x00000000ec700000, 0x0000000100000000)
  eden space 22016K, 100% used [0x00000000eab00000,0x00000000ec080000,0x00000000ec080000)
  from space 1536K, 68% used [0x00000000ec580000,0x00000000ec687590,0x00000000ec700000)
  to   space 2048K, 0% used [0x00000000ec300000,0x00000000ec300000,0x00000000ec500000)
 ParOldGen       total 68608K, used 36894K [0x00000000c0000000, 0x00000000c4300000, 0x00000000eab00000)
  object space 68608K, 53% used [0x00000000c0000000,0x00000000c24078b8,0x00000000c4300000)
 Metaspace       used 63377K, committed 64512K, reserved 1114112K
  class space    used 6763K, committed 7232K, reserved 1048576K
}
Event: 63.296 GC heap after
{Heap after GC invocations=38 (full 3):
 PSYoungGen      total 24064K, used 738K [0x00000000eab00000, 0x00000000ec600000, 0x0000000100000000)
  eden space 22016K, 0% used [0x00000000eab00000,0x00000000eab00000,0x00000000ec080000)
  from space 2048K, 36% used [0x00000000ec300000,0x00000000ec3b8880,0x00000000ec500000)
  to   space 1024K, 0% used [0x00000000ec500000,0x00000000ec500000,0x00000000ec600000)
 ParOldGen       total 68608K, used 37128K [0x00000000c0000000, 0x00000000c4300000, 0x00000000eab00000)
  object space 68608K, 54% used [0x00000000c0000000,0x00000000c24423c0,0x00000000c4300000)
 Metaspace       used 63377K, committed 64512K, reserved 1114112K
  class space    used 6763K, committed 7232K, reserved 1048576K
}
Event: 64.057 GC heap before
{Heap before GC invocations=39 (full 3):
 PSYoungGen      total 24064K, used 22731K [0x00000000eab00000, 0x00000000ec600000, 0x0000000100000000)
  eden space 22016K, 99% used [0x00000000eab00000,0x00000000ec07a3b0,0x00000000ec080000)
  from space 2048K, 36% used [0x00000000ec300000,0x00000000ec3b8880,0x00000000ec500000)
  to   space 1024K, 0% used [0x00000000ec500000,0x00000000ec500000,0x00000000ec600000)
 ParOldGen       total 68608K, used 37128K [0x00000000c0000000, 0x00000000c4300000, 0x00000000eab00000)
  object space 68608K, 54% used [0x00000000c0000000,0x00000000c24423c0,0x00000000c4300000)
 Metaspace       used 65004K, committed 66176K, reserved 1114112K
  class space    used 6890K, committed 7360K, reserved 1048576K
}
Event: 64.061 GC heap after
{Heap after GC invocations=39 (full 3):
 PSYoungGen      total 23040K, used 1009K [0x00000000eab00000, 0x00000000ec880000, 0x0000000100000000)
  eden space 22016K, 0% used [0x00000000eab00000,0x00000000eab00000,0x00000000ec080000)
  from space 1024K, 98% used [0x00000000ec500000,0x00000000ec5fc6f0,0x00000000ec600000)
  to   space 4096K, 0% used [0x00000000ec080000,0x00000000ec080000,0x00000000ec480000)
 ParOldGen       total 68608K, used 39601K [0x00000000c0000000, 0x00000000c4300000, 0x00000000eab00000)
  object space 68608K, 57% used [0x00000000c0000000,0x00000000c26ac798,0x00000000c4300000)
 Metaspace       used 65004K, committed 66176K, reserved 1114112K
  class space    used 6890K, committed 7360K, reserved 1048576K
}
Event: 64.295 GC heap before
{Heap before GC invocations=40 (full 3):
 PSYoungGen      total 23040K, used 23025K [0x00000000eab00000, 0x00000000ec880000, 0x0000000100000000)
  eden space 22016K, 100% used [0x00000000eab00000,0x00000000ec080000,0x00000000ec080000)
  from space 1024K, 98% used [0x00000000ec500000,0x00000000ec5fc6f0,0x00000000ec600000)
  to   space 4096K, 0% used [0x00000000ec080000,0x00000000ec080000,0x00000000ec480000)
 ParOldGen       total 68608K, used 39601K [0x00000000c0000000, 0x00000000c4300000, 0x00000000eab00000)
  object space 68608K, 57% used [0x00000000c0000000,0x00000000c26ac798,0x00000000c4300000)
 Metaspace       used 65629K, committed 66752K, reserved 1114112K
  class space    used 6953K, committed 7424K, reserved 1048576K
}
Event: 64.300 GC heap after
{Heap after GC invocations=40 (full 3):
 PSYoungGen      total 25088K, used 2848K [0x00000000eab00000, 0x00000000ec680000, 0x0000000100000000)
  eden space 22016K, 0% used [0x00000000eab00000,0x00000000eab00000,0x00000000ec080000)
  from space 3072K, 92% used [0x00000000ec080000,0x00000000ec348020,0x00000000ec380000)
  to   space 3072K, 0% used [0x00000000ec380000,0x00000000ec380000,0x00000000ec680000)
 ParOldGen       total 68608K, used 40600K [0x00000000c0000000, 0x00000000c4300000, 0x00000000eab00000)
  object space 68608K, 59% used [0x00000000c0000000,0x00000000c27a6040,0x00000000c4300000)
 Metaspace       used 65629K, committed 66752K, reserved 1114112K
  class space    used 6953K, committed 7424K, reserved 1048576K
}

